[2026-05-18T20:10:19.269Z] LOAD ERROR: TypeError: Cannot read properties of undefined (reading 'findMany')
    at loadUserSongsAction (C:\Users\Jhon\Documents\Datos\Informacion\2026\Proyectos\musiclab\.next\dev\server\chunks\ssr\src_0e81.av._.js:879:162)
    at process.processTicksAndRejections (node:internal/process/task_queues:104:5)
    at async executeActionAndPrepareForRender (C:\Users\Jhon\Documents\Datos\Informacion\2026\Proyectos\musiclab\node_modules\next\dist\compiled\next-server\app-page-turbo.runtime.dev.js:64:5248)
    at async C:\Users\Jhon\Documents\Datos\Informacion\2026\Proyectos\musiclab\node_modules\next\dist\compiled\next-server\app-page-turbo.runtime.dev.js:64:1986
    at async handleAction (C:\Users\Jhon\Documents\Datos\Informacion\2026\Proyectos\musiclab\node_modules\next\dist\compiled\next-server\app-page-turbo.runtime.dev.js:62:25386)
    at async renderToHTMLOrFlightImpl (C:\Users\Jhon\Documents\Datos\Informacion\2026\Proyectos\musiclab\node_modules\next\dist\compiled\next-server\app-page-turbo.runtime.dev.js:69:55695)
    at async doRender (C:\Users\Jhon\Documents\Datos\Informacion\2026\Proyectos\musiclab\.next\dev\server\chunks\ssr\node_modules_0hx6z9i._.js:4046:28)
    at async AppPageRouteModule.handleResponse (C:\Users\Jhon\Documents\Datos\Informacion\2026\Proyectos\musiclab\node_modules\next\dist\compiled\next-server\app-page-turbo.runtime.dev.js:71:66429)
    at async handleResponse (C:\Users\Jhon\Documents\Datos\Informacion\2026\Proyectos\musiclab\.next\dev\server\chunks\ssr\node_modules_0hx6z9i._.js:4357:32)
    at async Module.handler (C:\Users\Jhon\Documents\Datos\Informacion\2026\Proyectos\musiclab\.next\dev\server\chunks\ssr\node_modules_0hx6z9i._.js:4763:20)
    at async DevServer.renderToResponseWithComponentsImpl (C:\Users\Jhon\Documents\Datos\Informacion\2026\Proyectos\musiclab\node_modules\next\dist\server\base-server.js:1462:9)
    at async DevServer.renderPageComponent (C:\Users\Jhon\Documents\Datos\Informacion\2026\Proyectos\musiclab\node_modules\next\dist\server\base-server.js:1514:24)
    at async DevServer.renderToResponseImpl (C:\Users\Jhon\Documents\Datos\Informacion\2026\Proyectos\musiclab\node_modules\next\dist\server\base-server.js:1564:32)
    at async DevServer.pipeImpl (C:\Users\Jhon\Documents\Datos\Informacion\2026\Proyectos\musiclab\node_modules\next\dist\server\base-server.js:1044:25)
    at async NextNodeServer.handleCatchallRenderRequest (C:\Users\Jhon\Documents\Datos\Informacion\2026\Proyectos\musiclab\node_modules\next\dist\server\next-server.js:338:17)
    at async DevServer.handleRequestImpl (C:\Users\Jhon\Documents\Datos\Informacion\2026\Proyectos\musiclab\node_modules\next\dist\server\base-server.js:935:17)
    at async C:\Users\Jhon\Documents\Datos\Informacion\2026\Proyectos\musiclab\node_modules\next\dist\server\dev\next-dev-server.js:394:20
    at async Span.traceAsyncFn (C:\Users\Jhon\Documents\Datos\Informacion\2026\Proyectos\musiclab\node_modules\next\dist\trace\trace.js:164:20)
    at async DevServer.handleRequest (C:\Users\Jhon\Documents\Datos\Informacion\2026\Proyectos\musiclab\node_modules\next\dist\server\dev\next-dev-server.js:390:24)
    at async invokeRender (C:\Users\Jhon\Documents\Datos\Informacion\2026\Proyectos\musiclab\node_modules\next\dist\server\lib\router-server.js:266:21)
    at async handleRequest (C:\Users\Jhon\Documents\Datos\Informacion\2026\Proyectos\musiclab\node_modules\next\dist\server\lib\router-server.js:465:24)
    at async requestHandlerImpl (C:\Users\Jhon\Documents\Datos\Informacion\2026\Proyectos\musiclab\node_modules\next\dist\server\lib\router-server.js:514:13)
    at async Server.requestListener (C:\Users\Jhon\Documents\Datos\Informacion\2026\Proyectos\musiclab\node_modules\next\dist\server\lib\start-server.js:225:13)
[2026-05-18T20:13:22.671Z] SAVE ERROR: TypeError: Cannot read properties of undefined (reading 'create')
    at saveSongAction (C:\Users\Jhon\Documents\Datos\Informacion\2026\Proyectos\musiclab\.next\dev\server\chunks\ssr\src_0e81.av._.js:833:168)
    at process.processTicksAndRejections (node:internal/process/task_queues:104:5)
    at async executeActionAndPrepareForRender (C:\Users\Jhon\Documents\Datos\Informacion\2026\Proyectos\musiclab\node_modules\next\dist\compiled\next-server\app-page-turbo.runtime.dev.js:64:5248)
    at async C:\Users\Jhon\Documents\Datos\Informacion\2026\Proyectos\musiclab\node_modules\next\dist\compiled\next-server\app-page-turbo.runtime.dev.js:64:1986
    at async handleAction (C:\Users\Jhon\Documents\Datos\Informacion\2026\Proyectos\musiclab\node_modules\next\dist\compiled\next-server\app-page-turbo.runtime.dev.js:62:25386)
    at async renderToHTMLOrFlightImpl (C:\Users\Jhon\Documents\Datos\Informacion\2026\Proyectos\musiclab\node_modules\next\dist\compiled\next-server\app-page-turbo.runtime.dev.js:69:55695)
    at async doRender (C:\Users\Jhon\Documents\Datos\Informacion\2026\Proyectos\musiclab\.next\dev\server\chunks\ssr\node_modules_0hx6z9i._.js:4046:28)
    at async AppPageRouteModule.handleResponse (C:\Users\Jhon\Documents\Datos\Informacion\2026\Proyectos\musiclab\node_modules\next\dist\compiled\next-server\app-page-turbo.runtime.dev.js:71:66429)
    at async handleResponse (C:\Users\Jhon\Documents\Datos\Informacion\2026\Proyectos\musiclab\.next\dev\server\chunks\ssr\node_modules_0hx6z9i._.js:4357:32)
    at async Module.handler (C:\Users\Jhon\Documents\Datos\Informacion\2026\Proyectos\musiclab\.next\dev\server\chunks\ssr\node_modules_0hx6z9i._.js:4763:20)
    at async DevServer.renderToResponseWithComponentsImpl (C:\Users\Jhon\Documents\Datos\Informacion\2026\Proyectos\musiclab\node_modules\next\dist\server\base-server.js:1462:9)
    at async DevServer.renderPageComponent (C:\Users\Jhon\Documents\Datos\Informacion\2026\Proyectos\musiclab\node_modules\next\dist\server\base-server.js:1514:24)
    at async DevServer.renderToResponseImpl (C:\Users\Jhon\Documents\Datos\Informacion\2026\Proyectos\musiclab\node_modules\next\dist\server\base-server.js:1564:32)
    at async DevServer.pipeImpl (C:\Users\Jhon\Documents\Datos\Informacion\2026\Proyectos\musiclab\node_modules\next\dist\server\base-server.js:1044:25)
    at async NextNodeServer.handleCatchallRenderRequest (C:\Users\Jhon\Documents\Datos\Informacion\2026\Proyectos\musiclab\node_modules\next\dist\server\next-server.js:338:17)
    at async DevServer.handleRequestImpl (C:\Users\Jhon\Documents\Datos\Informacion\2026\Proyectos\musiclab\node_modules\next\dist\server\base-server.js:935:17)
    at async C:\Users\Jhon\Documents\Datos\Informacion\2026\Proyectos\musiclab\node_modules\next\dist\server\dev\next-dev-server.js:394:20
    at async Span.traceAsyncFn (C:\Users\Jhon\Documents\Datos\Informacion\2026\Proyectos\musiclab\node_modules\next\dist\trace\trace.js:164:20)
    at async DevServer.handleRequest (C:\Users\Jhon\Documents\Datos\Informacion\2026\Proyectos\musiclab\node_modules\next\dist\server\dev\next-dev-server.js:390:24)
    at async invokeRender (C:\Users\Jhon\Documents\Datos\Informacion\2026\Proyectos\musiclab\node_modules\next\dist\server\lib\router-server.js:266:21)
    at async handleRequest (C:\Users\Jhon\Documents\Datos\Informacion\2026\Proyectos\musiclab\node_modules\next\dist\server\lib\router-server.js:465:24)
    at async requestHandlerImpl (C:\Users\Jhon\Documents\Datos\Informacion\2026\Proyectos\musiclab\node_modules\next\dist\server\lib\router-server.js:514:13)
    at async Server.requestListener (C:\Users\Jhon\Documents\Datos\Informacion\2026\Proyectos\musiclab\node_modules\next\dist\server\lib\start-server.js:225:13)
[2026-05-18T20:13:57.208Z] SAVE ERROR: TypeError: Cannot read properties of undefined (reading 'create')
    at saveSongAction (C:\Users\Jhon\Documents\Datos\Informacion\2026\Proyectos\musiclab\.next\dev\server\chunks\ssr\src_0e81.av._.js:833:168)
    at process.processTicksAndRejections (node:internal/process/task_queues:104:5)
    at async executeActionAndPrepareForRender (C:\Users\Jhon\Documents\Datos\Informacion\2026\Proyectos\musiclab\node_modules\next\dist\compiled\next-server\app-page-turbo.runtime.dev.js:64:5248)
    at async C:\Users\Jhon\Documents\Datos\Informacion\2026\Proyectos\musiclab\node_modules\next\dist\compiled\next-server\app-page-turbo.runtime.dev.js:64:1986
    at async handleAction (C:\Users\Jhon\Documents\Datos\Informacion\2026\Proyectos\musiclab\node_modules\next\dist\compiled\next-server\app-page-turbo.runtime.dev.js:62:25386)
    at async renderToHTMLOrFlightImpl (C:\Users\Jhon\Documents\Datos\Informacion\2026\Proyectos\musiclab\node_modules\next\dist\compiled\next-server\app-page-turbo.runtime.dev.js:69:55695)
    at async doRender (C:\Users\Jhon\Documents\Datos\Informacion\2026\Proyectos\musiclab\.next\dev\server\chunks\ssr\node_modules_0hx6z9i._.js:4046:28)
    at async AppPageRouteModule.handleResponse (C:\Users\Jhon\Documents\Datos\Informacion\2026\Proyectos\musiclab\node_modules\next\dist\compiled\next-server\app-page-turbo.runtime.dev.js:71:66429)
    at async handleResponse (C:\Users\Jhon\Documents\Datos\Informacion\2026\Proyectos\musiclab\.next\dev\server\chunks\ssr\node_modules_0hx6z9i._.js:4357:32)
    at async Module.handler (C:\Users\Jhon\Documents\Datos\Informacion\2026\Proyectos\musiclab\.next\dev\server\chunks\ssr\node_modules_0hx6z9i._.js:4763:20)
    at async DevServer.renderToResponseWithComponentsImpl (C:\Users\Jhon\Documents\Datos\Informacion\2026\Proyectos\musiclab\node_modules\next\dist\server\base-server.js:1462:9)
    at async DevServer.renderPageComponent (C:\Users\Jhon\Documents\Datos\Informacion\2026\Proyectos\musiclab\node_modules\next\dist\server\base-server.js:1514:24)
    at async DevServer.renderToResponseImpl (C:\Users\Jhon\Documents\Datos\Informacion\2026\Proyectos\musiclab\node_modules\next\dist\server\base-server.js:1564:32)
    at async DevServer.pipeImpl (C:\Users\Jhon\Documents\Datos\Informacion\2026\Proyectos\musiclab\node_modules\next\dist\server\base-server.js:1044:25)
    at async NextNodeServer.handleCatchallRenderRequest (C:\Users\Jhon\Documents\Datos\Informacion\2026\Proyectos\musiclab\node_modules\next\dist\server\next-server.js:338:17)
    at async DevServer.handleRequestImpl (C:\Users\Jhon\Documents\Datos\Informacion\2026\Proyectos\musiclab\node_modules\next\dist\server\base-server.js:935:17)
    at async C:\Users\Jhon\Documents\Datos\Informacion\2026\Proyectos\musiclab\node_modules\next\dist\server\dev\next-dev-server.js:394:20
    at async Span.traceAsyncFn (C:\Users\Jhon\Documents\Datos\Informacion\2026\Proyectos\musiclab\node_modules\next\dist\trace\trace.js:164:20)
    at async DevServer.handleRequest (C:\Users\Jhon\Documents\Datos\Informacion\2026\Proyectos\musiclab\node_modules\next\dist\server\dev\next-dev-server.js:390:24)
    at async invokeRender (C:\Users\Jhon\Documents\Datos\Informacion\2026\Proyectos\musiclab\node_modules\next\dist\server\lib\router-server.js:266:21)
    at async handleRequest (C:\Users\Jhon\Documents\Datos\Informacion\2026\Proyectos\musiclab\node_modules\next\dist\server\lib\router-server.js:465:24)
    at async requestHandlerImpl (C:\Users\Jhon\Documents\Datos\Informacion\2026\Proyectos\musiclab\node_modules\next\dist\server\lib\router-server.js:514:13)
    at async Server.requestListener (C:\Users\Jhon\Documents\Datos\Informacion\2026\Proyectos\musiclab\node_modules\next\dist\server\lib\start-server.js:225:13)
[2026-05-18T20:13:59.775Z] SAVE ERROR: TypeError: Cannot read properties of undefined (reading 'create')
    at saveSongAction (C:\Users\Jhon\Documents\Datos\Informacion\2026\Proyectos\musiclab\.next\dev\server\chunks\ssr\src_0e81.av._.js:833:168)
    at process.processTicksAndRejections (node:internal/process/task_queues:104:5)
    at async executeActionAndPrepareForRender (C:\Users\Jhon\Documents\Datos\Informacion\2026\Proyectos\musiclab\node_modules\next\dist\compiled\next-server\app-page-turbo.runtime.dev.js:64:5248)
    at async C:\Users\Jhon\Documents\Datos\Informacion\2026\Proyectos\musiclab\node_modules\next\dist\compiled\next-server\app-page-turbo.runtime.dev.js:64:1986
    at async handleAction (C:\Users\Jhon\Documents\Datos\Informacion\2026\Proyectos\musiclab\node_modules\next\dist\compiled\next-server\app-page-turbo.runtime.dev.js:62:25386)
    at async renderToHTMLOrFlightImpl (C:\Users\Jhon\Documents\Datos\Informacion\2026\Proyectos\musiclab\node_modules\next\dist\compiled\next-server\app-page-turbo.runtime.dev.js:69:55695)
    at async doRender (C:\Users\Jhon\Documents\Datos\Informacion\2026\Proyectos\musiclab\.next\dev\server\chunks\ssr\node_modules_0hx6z9i._.js:4046:28)
    at async AppPageRouteModule.handleResponse (C:\Users\Jhon\Documents\Datos\Informacion\2026\Proyectos\musiclab\node_modules\next\dist\compiled\next-server\app-page-turbo.runtime.dev.js:71:66429)
    at async handleResponse (C:\Users\Jhon\Documents\Datos\Informacion\2026\Proyectos\musiclab\.next\dev\server\chunks\ssr\node_modules_0hx6z9i._.js:4357:32)
    at async Module.handler (C:\Users\Jhon\Documents\Datos\Informacion\2026\Proyectos\musiclab\.next\dev\server\chunks\ssr\node_modules_0hx6z9i._.js:4763:20)
    at async DevServer.renderToResponseWithComponentsImpl (C:\Users\Jhon\Documents\Datos\Informacion\2026\Proyectos\musiclab\node_modules\next\dist\server\base-server.js:1462:9)
    at async DevServer.renderPageComponent (C:\Users\Jhon\Documents\Datos\Informacion\2026\Proyectos\musiclab\node_modules\next\dist\server\base-server.js:1514:24)
    at async DevServer.renderToResponseImpl (C:\Users\Jhon\Documents\Datos\Informacion\2026\Proyectos\musiclab\node_modules\next\dist\server\base-server.js:1564:32)
    at async DevServer.pipeImpl (C:\Users\Jhon\Documents\Datos\Informacion\2026\Proyectos\musiclab\node_modules\next\dist\server\base-server.js:1044:25)
    at async NextNodeServer.handleCatchallRenderRequest (C:\Users\Jhon\Documents\Datos\Informacion\2026\Proyectos\musiclab\node_modules\next\dist\server\next-server.js:338:17)
    at async DevServer.handleRequestImpl (C:\Users\Jhon\Documents\Datos\Informacion\2026\Proyectos\musiclab\node_modules\next\dist\server\base-server.js:935:17)
    at async C:\Users\Jhon\Documents\Datos\Informacion\2026\Proyectos\musiclab\node_modules\next\dist\server\dev\next-dev-server.js:394:20
    at async Span.traceAsyncFn (C:\Users\Jhon\Documents\Datos\Informacion\2026\Proyectos\musiclab\node_modules\next\dist\trace\trace.js:164:20)
    at async DevServer.handleRequest (C:\Users\Jhon\Documents\Datos\Informacion\2026\Proyectos\musiclab\node_modules\next\dist\server\dev\next-dev-server.js:390:24)
    at async invokeRender (C:\Users\Jhon\Documents\Datos\Informacion\2026\Proyectos\musiclab\node_modules\next\dist\server\lib\router-server.js:266:21)
    at async handleRequest (C:\Users\Jhon\Documents\Datos\Informacion\2026\Proyectos\musiclab\node_modules\next\dist\server\lib\router-server.js:465:24)
    at async requestHandlerImpl (C:\Users\Jhon\Documents\Datos\Informacion\2026\Proyectos\musiclab\node_modules\next\dist\server\lib\router-server.js:514:13)
    at async Server.requestListener (C:\Users\Jhon\Documents\Datos\Informacion\2026\Proyectos\musiclab\node_modules\next\dist\server\lib\start-server.js:225:13)
[2026-05-18T20:14:04.380Z] SAVE ERROR: TypeError: Cannot read properties of undefined (reading 'create')
    at saveSongAction (C:\Users\Jhon\Documents\Datos\Informacion\2026\Proyectos\musiclab\.next\dev\server\chunks\ssr\src_0e81.av._.js:833:168)
    at process.processTicksAndRejections (node:internal/process/task_queues:104:5)
    at async executeActionAndPrepareForRender (C:\Users\Jhon\Documents\Datos\Informacion\2026\Proyectos\musiclab\node_modules\next\dist\compiled\next-server\app-page-turbo.runtime.dev.js:64:5248)
    at async C:\Users\Jhon\Documents\Datos\Informacion\2026\Proyectos\musiclab\node_modules\next\dist\compiled\next-server\app-page-turbo.runtime.dev.js:64:1986
    at async handleAction (C:\Users\Jhon\Documents\Datos\Informacion\2026\Proyectos\musiclab\node_modules\next\dist\compiled\next-server\app-page-turbo.runtime.dev.js:62:25386)
    at async renderToHTMLOrFlightImpl (C:\Users\Jhon\Documents\Datos\Informacion\2026\Proyectos\musiclab\node_modules\next\dist\compiled\next-server\app-page-turbo.runtime.dev.js:69:55695)
    at async doRender (C:\Users\Jhon\Documents\Datos\Informacion\2026\Proyectos\musiclab\.next\dev\server\chunks\ssr\node_modules_0hx6z9i._.js:4046:28)
    at async AppPageRouteModule.handleResponse (C:\Users\Jhon\Documents\Datos\Informacion\2026\Proyectos\musiclab\node_modules\next\dist\compiled\next-server\app-page-turbo.runtime.dev.js:71:66429)
    at async handleResponse (C:\Users\Jhon\Documents\Datos\Informacion\2026\Proyectos\musiclab\.next\dev\server\chunks\ssr\node_modules_0hx6z9i._.js:4357:32)
    at async Module.handler (C:\Users\Jhon\Documents\Datos\Informacion\2026\Proyectos\musiclab\.next\dev\server\chunks\ssr\node_modules_0hx6z9i._.js:4763:20)
    at async DevServer.renderToResponseWithComponentsImpl (C:\Users\Jhon\Documents\Datos\Informacion\2026\Proyectos\musiclab\node_modules\next\dist\server\base-server.js:1462:9)
    at async DevServer.renderPageComponent (C:\Users\Jhon\Documents\Datos\Informacion\2026\Proyectos\musiclab\node_modules\next\dist\server\base-server.js:1514:24)
    at async DevServer.renderToResponseImpl (C:\Users\Jhon\Documents\Datos\Informacion\2026\Proyectos\musiclab\node_modules\next\dist\server\base-server.js:1564:32)
    at async DevServer.pipeImpl (C:\Users\Jhon\Documents\Datos\Informacion\2026\Proyectos\musiclab\node_modules\next\dist\server\base-server.js:1044:25)
    at async NextNodeServer.handleCatchallRenderRequest (C:\Users\Jhon\Documents\Datos\Informacion\2026\Proyectos\musiclab\node_modules\next\dist\server\next-server.js:338:17)
    at async DevServer.handleRequestImpl (C:\Users\Jhon\Documents\Datos\Informacion\2026\Proyectos\musiclab\node_modules\next\dist\server\base-server.js:935:17)
    at async C:\Users\Jhon\Documents\Datos\Informacion\2026\Proyectos\musiclab\node_modules\next\dist\server\dev\next-dev-server.js:394:20
    at async Span.traceAsyncFn (C:\Users\Jhon\Documents\Datos\Informacion\2026\Proyectos\musiclab\node_modules\next\dist\trace\trace.js:164:20)
    at async DevServer.handleRequest (C:\Users\Jhon\Documents\Datos\Informacion\2026\Proyectos\musiclab\node_modules\next\dist\server\dev\next-dev-server.js:390:24)
    at async invokeRender (C:\Users\Jhon\Documents\Datos\Informacion\2026\Proyectos\musiclab\node_modules\next\dist\server\lib\router-server.js:266:21)
    at async handleRequest (C:\Users\Jhon\Documents\Datos\Informacion\2026\Proyectos\musiclab\node_modules\next\dist\server\lib\router-server.js:465:24)
    at async requestHandlerImpl (C:\Users\Jhon\Documents\Datos\Informacion\2026\Proyectos\musiclab\node_modules\next\dist\server\lib\router-server.js:514:13)
    at async Server.requestListener (C:\Users\Jhon\Documents\Datos\Informacion\2026\Proyectos\musiclab\node_modules\next\dist\server\lib\start-server.js:225:13)
[2026-05-18T20:17:20.299Z] SAVE ERROR: TypeError: Cannot read properties of undefined (reading 'create')
    at saveSongAction (C:\Users\Jhon\Documents\Datos\Informacion\2026\Proyectos\musiclab\.next\dev\server\chunks\ssr\src_0e81.av._.js:833:168)
    at process.processTicksAndRejections (node:internal/process/task_queues:104:5)
    at async executeActionAndPrepareForRender (C:\Users\Jhon\Documents\Datos\Informacion\2026\Proyectos\musiclab\node_modules\next\dist\compiled\next-server\app-page-turbo.runtime.dev.js:64:5248)
    at async C:\Users\Jhon\Documents\Datos\Informacion\2026\Proyectos\musiclab\node_modules\next\dist\compiled\next-server\app-page-turbo.runtime.dev.js:64:1986
    at async handleAction (C:\Users\Jhon\Documents\Datos\Informacion\2026\Proyectos\musiclab\node_modules\next\dist\compiled\next-server\app-page-turbo.runtime.dev.js:62:25386)
    at async renderToHTMLOrFlightImpl (C:\Users\Jhon\Documents\Datos\Informacion\2026\Proyectos\musiclab\node_modules\next\dist\compiled\next-server\app-page-turbo.runtime.dev.js:69:55695)
    at async doRender (C:\Users\Jhon\Documents\Datos\Informacion\2026\Proyectos\musiclab\.next\dev\server\chunks\ssr\node_modules_0hx6z9i._.js:4046:28)
    at async AppPageRouteModule.handleResponse (C:\Users\Jhon\Documents\Datos\Informacion\2026\Proyectos\musiclab\node_modules\next\dist\compiled\next-server\app-page-turbo.runtime.dev.js:71:66429)
    at async handleResponse (C:\Users\Jhon\Documents\Datos\Informacion\2026\Proyectos\musiclab\.next\dev\server\chunks\ssr\node_modules_0hx6z9i._.js:4357:32)
    at async Module.handler (C:\Users\Jhon\Documents\Datos\Informacion\2026\Proyectos\musiclab\.next\dev\server\chunks\ssr\node_modules_0hx6z9i._.js:4763:20)
    at async DevServer.renderToResponseWithComponentsImpl (C:\Users\Jhon\Documents\Datos\Informacion\2026\Proyectos\musiclab\node_modules\next\dist\server\base-server.js:1462:9)
    at async DevServer.renderPageComponent (C:\Users\Jhon\Documents\Datos\Informacion\2026\Proyectos\musiclab\node_modules\next\dist\server\base-server.js:1514:24)
    at async DevServer.renderToResponseImpl (C:\Users\Jhon\Documents\Datos\Informacion\2026\Proyectos\musiclab\node_modules\next\dist\server\base-server.js:1564:32)
    at async DevServer.pipeImpl (C:\Users\Jhon\Documents\Datos\Informacion\2026\Proyectos\musiclab\node_modules\next\dist\server\base-server.js:1044:25)
    at async NextNodeServer.handleCatchallRenderRequest (C:\Users\Jhon\Documents\Datos\Informacion\2026\Proyectos\musiclab\node_modules\next\dist\server\next-server.js:338:17)
    at async DevServer.handleRequestImpl (C:\Users\Jhon\Documents\Datos\Informacion\2026\Proyectos\musiclab\node_modules\next\dist\server\base-server.js:935:17)
    at async C:\Users\Jhon\Documents\Datos\Informacion\2026\Proyectos\musiclab\node_modules\next\dist\server\dev\next-dev-server.js:394:20
    at async Span.traceAsyncFn (C:\Users\Jhon\Documents\Datos\Informacion\2026\Proyectos\musiclab\node_modules\next\dist\trace\trace.js:164:20)
    at async DevServer.handleRequest (C:\Users\Jhon\Documents\Datos\Informacion\2026\Proyectos\musiclab\node_modules\next\dist\server\dev\next-dev-server.js:390:24)
    at async invokeRender (C:\Users\Jhon\Documents\Datos\Informacion\2026\Proyectos\musiclab\node_modules\next\dist\server\lib\router-server.js:266:21)
    at async handleRequest (C:\Users\Jhon\Documents\Datos\Informacion\2026\Proyectos\musiclab\node_modules\next\dist\server\lib\router-server.js:465:24)
    at async requestHandlerImpl (C:\Users\Jhon\Documents\Datos\Informacion\2026\Proyectos\musiclab\node_modules\next\dist\server\lib\router-server.js:514:13)
    at async Server.requestListener (C:\Users\Jhon\Documents\Datos\Informacion\2026\Proyectos\musiclab\node_modules\next\dist\server\lib\start-server.js:225:13)
[2026-05-18T20:19:51.973Z] SAVE ERROR: TypeError: Cannot read properties of undefined (reading 'create')
    at saveSongAction (C:\Users\Jhon\Documents\Datos\Informacion\2026\Proyectos\musiclab\.next\dev\server\chunks\ssr\src_0e81.av._.js:833:168)
    at process.processTicksAndRejections (node:internal/process/task_queues:104:5)
    at async executeActionAndPrepareForRender (C:\Users\Jhon\Documents\Datos\Informacion\2026\Proyectos\musiclab\node_modules\next\dist\compiled\next-server\app-page-turbo.runtime.dev.js:64:5248)
    at async C:\Users\Jhon\Documents\Datos\Informacion\2026\Proyectos\musiclab\node_modules\next\dist\compiled\next-server\app-page-turbo.runtime.dev.js:64:1986
    at async handleAction (C:\Users\Jhon\Documents\Datos\Informacion\2026\Proyectos\musiclab\node_modules\next\dist\compiled\next-server\app-page-turbo.runtime.dev.js:62:25386)
    at async renderToHTMLOrFlightImpl (C:\Users\Jhon\Documents\Datos\Informacion\2026\Proyectos\musiclab\node_modules\next\dist\compiled\next-server\app-page-turbo.runtime.dev.js:69:55695)
    at async doRender (C:\Users\Jhon\Documents\Datos\Informacion\2026\Proyectos\musiclab\.next\dev\server\chunks\ssr\node_modules_0hx6z9i._.js:4046:28)
    at async AppPageRouteModule.handleResponse (C:\Users\Jhon\Documents\Datos\Informacion\2026\Proyectos\musiclab\node_modules\next\dist\compiled\next-server\app-page-turbo.runtime.dev.js:71:66429)
    at async handleResponse (C:\Users\Jhon\Documents\Datos\Informacion\2026\Proyectos\musiclab\.next\dev\server\chunks\ssr\node_modules_0hx6z9i._.js:4357:32)
    at async Module.handler (C:\Users\Jhon\Documents\Datos\Informacion\2026\Proyectos\musiclab\.next\dev\server\chunks\ssr\node_modules_0hx6z9i._.js:4763:20)
    at async DevServer.renderToResponseWithComponentsImpl (C:\Users\Jhon\Documents\Datos\Informacion\2026\Proyectos\musiclab\node_modules\next\dist\server\base-server.js:1462:9)
    at async DevServer.renderPageComponent (C:\Users\Jhon\Documents\Datos\Informacion\2026\Proyectos\musiclab\node_modules\next\dist\server\base-server.js:1514:24)
    at async DevServer.renderToResponseImpl (C:\Users\Jhon\Documents\Datos\Informacion\2026\Proyectos\musiclab\node_modules\next\dist\server\base-server.js:1564:32)
    at async DevServer.pipeImpl (C:\Users\Jhon\Documents\Datos\Informacion\2026\Proyectos\musiclab\node_modules\next\dist\server\base-server.js:1044:25)
    at async NextNodeServer.handleCatchallRenderRequest (C:\Users\Jhon\Documents\Datos\Informacion\2026\Proyectos\musiclab\node_modules\next\dist\server\next-server.js:338:17)
    at async DevServer.handleRequestImpl (C:\Users\Jhon\Documents\Datos\Informacion\2026\Proyectos\musiclab\node_modules\next\dist\server\base-server.js:935:17)
    at async C:\Users\Jhon\Documents\Datos\Informacion\2026\Proyectos\musiclab\node_modules\next\dist\server\dev\next-dev-server.js:394:20
    at async Span.traceAsyncFn (C:\Users\Jhon\Documents\Datos\Informacion\2026\Proyectos\musiclab\node_modules\next\dist\trace\trace.js:164:20)
    at async DevServer.handleRequest (C:\Users\Jhon\Documents\Datos\Informacion\2026\Proyectos\musiclab\node_modules\next\dist\server\dev\next-dev-server.js:390:24)
    at async invokeRender (C:\Users\Jhon\Documents\Datos\Informacion\2026\Proyectos\musiclab\node_modules\next\dist\server\lib\router-server.js:266:21)
    at async handleRequest (C:\Users\Jhon\Documents\Datos\Informacion\2026\Proyectos\musiclab\node_modules\next\dist\server\lib\router-server.js:465:24)
    at async requestHandlerImpl (C:\Users\Jhon\Documents\Datos\Informacion\2026\Proyectos\musiclab\node_modules\next\dist\server\lib\router-server.js:514:13)
    at async Server.requestListener (C:\Users\Jhon\Documents\Datos\Informacion\2026\Proyectos\musiclab\node_modules\next\dist\server\lib\start-server.js:225:13)
[2026-05-19T15:19:55.203Z] LOAD ERROR: APIError: Failed to get session
[2026-05-23T19:17:55.415Z] LOAD ERROR: Error: Query read timeout
    at C:\Users\Jhon\Documents\Datos\Informacion\2026\Proyectos\musiclab\node_modules\pg-pool\index.js:45:11
    at process.processTicksAndRejections (node:internal/process/task_queues:104:5)
    at async PrismaPgAdapter.performIO (C:\Users\Jhon\Documents\Datos\Informacion\2026\Proyectos\musiclab\.next\dev\server\chunks\[root-of-the-server]__0si5c9h._.js:13453:28)
    at async PrismaPgAdapter.queryRaw (C:\Users\Jhon\Documents\Datos\Informacion\2026\Proyectos\musiclab\.next\dev\server\chunks\[root-of-the-server]__0si5c9h._.js:13405:34)
    at async e.interpretNode (C:\Users\Jhon\Documents\Datos\Informacion\2026\Proyectos\musiclab\.next\dev\server\chunks\src_generated_prisma_runtime_client_0wker90.js:4751:60)
    at async e.interpretNode (C:\Users\Jhon\Documents\Datos\Informacion\2026\Proyectos\musiclab\.next\dev\server\chunks\src_generated_prisma_runtime_client_0wker90.js:4829:57)
    at async e.run (C:\Users\Jhon\Documents\Datos\Informacion\2026\Proyectos\musiclab\.next\dev\server\chunks\src_generated_prisma_runtime_client_0wker90.js:4671:28)
    at async e.execute (C:\Users\Jhon\Documents\Datos\Informacion\2026\Proyectos\musiclab\.next\dev\server\chunks\src_generated_prisma_runtime_client_0wker90.js:6081:16)
    at async jt.request (C:\Users\Jhon\Documents\Datos\Informacion\2026\Proyectos\musiclab\.next\dev\server\chunks\src_generated_prisma_runtime_client_0wker90.js:6812:21)
    at async Object.singleLoader (C:\Users\Jhon\Documents\Datos\Informacion\2026\Proyectos\musiclab\.next\dev\server\chunks\src_generated_prisma_runtime_client_0wker90.js:7443:89)
    at async zr.request (C:\Users\Jhon\Documents\Datos\Informacion\2026\Proyectos\musiclab\.next\dev\server\chunks\src_generated_prisma_runtime_client_0wker90.js:7465:20)
    at async a (C:\Users\Jhon\Documents\Datos\Informacion\2026\Proyectos\musiclab\.next\dev\server\chunks\src_generated_prisma_runtime_client_0wker90.js:8167:25)
    at async loadUserSongsAction (C:\Users\Jhon\Documents\Datos\Informacion\2026\Proyectos\musiclab\.next\dev\server\chunks\ssr\src_features_music-studio_0mzr19z._.js:947:23)
    at async executeActionAndPrepareForRender (C:\Users\Jhon\Documents\Datos\Informacion\2026\Proyectos\musiclab\node_modules\next\dist\compiled\next-server\app-page-turbo.runtime.dev.js:64:5248)
    at async C:\Users\Jhon\Documents\Datos\Informacion\2026\Proyectos\musiclab\node_modules\next\dist\compiled\next-server\app-page-turbo.runtime.dev.js:64:1986
    at async handleAction (C:\Users\Jhon\Documents\Datos\Informacion\2026\Proyectos\musiclab\node_modules\next\dist\compiled\next-server\app-page-turbo.runtime.dev.js:62:25386)
    at async renderToHTMLOrFlightImpl (C:\Users\Jhon\Documents\Datos\Informacion\2026\Proyectos\musiclab\node_modules\next\dist\compiled\next-server\app-page-turbo.runtime.dev.js:69:55695)
    at async doRender (C:\Users\Jhon\Documents\Datos\Informacion\2026\Proyectos\musiclab\.next\dev\server\chunks\ssr\node_modules_0qt6ovx._.js:4046:28)
    at async AppPageRouteModule.handleResponse (C:\Users\Jhon\Documents\Datos\Informacion\2026\Proyectos\musiclab\node_modules\next\dist\compiled\next-server\app-page-turbo.runtime.dev.js:71:66429)
    at async handleResponse (C:\Users\Jhon\Documents\Datos\Informacion\2026\Proyectos\musiclab\.next\dev\server\chunks\ssr\node_modules_0qt6ovx._.js:4357:32)
    at async Module.handler (C:\Users\Jhon\Documents\Datos\Informacion\2026\Proyectos\musiclab\.next\dev\server\chunks\ssr\node_modules_0qt6ovx._.js:4763:20)
    at async DevServer.renderToResponseWithComponentsImpl (C:\Users\Jhon\Documents\Datos\Informacion\2026\Proyectos\musiclab\node_modules\next\dist\server\base-server.js:1462:9)
    at async DevServer.renderPageComponent (C:\Users\Jhon\Documents\Datos\Informacion\2026\Proyectos\musiclab\node_modules\next\dist\server\base-server.js:1514:24)
    at async DevServer.renderToResponseImpl (C:\Users\Jhon\Documents\Datos\Informacion\2026\Proyectos\musiclab\node_modules\next\dist\server\base-server.js:1564:32)
    at async DevServer.pipeImpl (C:\Users\Jhon\Documents\Datos\Informacion\2026\Proyectos\musiclab\node_modules\next\dist\server\base-server.js:1044:25)
    at async NextNodeServer.handleCatchallRenderRequest (C:\Users\Jhon\Documents\Datos\Informacion\2026\Proyectos\musiclab\node_modules\next\dist\server\next-server.js:338:17)
    at async DevServer.handleRequestImpl (C:\Users\Jhon\Documents\Datos\Informacion\2026\Proyectos\musiclab\node_modules\next\dist\server\base-server.js:935:17)
    at async C:\Users\Jhon\Documents\Datos\Informacion\2026\Proyectos\musiclab\node_modules\next\dist\server\dev\next-dev-server.js:394:20
    at async Span.traceAsyncFn (C:\Users\Jhon\Documents\Datos\Informacion\2026\Proyectos\musiclab\node_modules\next\dist\trace\trace.js:164:20)
    at async DevServer.handleRequest (C:\Users\Jhon\Documents\Datos\Informacion\2026\Proyectos\musiclab\node_modules\next\dist\server\dev\next-dev-server.js:390:24)
    at async invokeRender (C:\Users\Jhon\Documents\Datos\Informacion\2026\Proyectos\musiclab\node_modules\next\dist\server\lib\router-server.js:266:21)
    at async handleRequest (C:\Users\Jhon\Documents\Datos\Informacion\2026\Proyectos\musiclab\node_modules\next\dist\server\lib\router-server.js:465:24)
    at async requestHandlerImpl (C:\Users\Jhon\Documents\Datos\Informacion\2026\Proyectos\musiclab\node_modules\next\dist\server\lib\router-server.js:514:13)
    at async Server.requestListener (C:\Users\Jhon\Documents\Datos\Informacion\2026\Proyectos\musiclab\node_modules\next\dist\server\lib\start-server.js:225:13)
